<?xml version="1.0" encoding="UTF-8"?>
<testng-results ignored="0" total="1" passed="1" failed="0" skipped="0">
  <reporter-output>
  </reporter-output>
  <suite started-at="2024-07-10T22:32:53 IST" name="inetBankingV1" finished-at="2024-07-10T22:33:20 IST" duration-ms="27109">
    <groups>
    </groups>
    <test started-at="2024-07-10T22:32:53 IST" name="Banking App Test" finished-at="2024-07-10T22:33:20 IST" duration-ms="27109">
      <class name="com.inetbanking.testCases.TC_LoginTest_001">
        <test-method is-config="true" signature="setup(java.lang.String)[pri:0, instance:com.inetbanking.testCases.TC_LoginTest_001@279fedbd]" started-at="2024-07-10T22:32:54 IST" name="setup" finished-at="2024-07-10T22:33:10 IST" duration-ms="15836" status="PASS">
          <params>
            <param index="0">
              <value>
                <![CDATA[chrome]]>
              </value>
            </param>
          </params>
          <reporter-output>
          </reporter-output>
        </test-method> <!-- setup -->
        <test-method signature="loginTest()[pri:0, instance:com.inetbanking.testCases.TC_LoginTest_001@279fedbd]" started-at="2024-07-10T22:33:10 IST" name="loginTest" finished-at="2024-07-10T22:33:20 IST" duration-ms="10155" status="PASS">
          <reporter-output>
          </reporter-output>
        </test-method> <!-- loginTest -->
        <test-method is-config="true" signature="teardown()[pri:0, instance:com.inetbanking.testCases.TC_LoginTest_001@279fedbd]" started-at="2024-07-10T22:33:20 IST" name="teardown" finished-at="2024-07-10T22:33:20 IST" duration-ms="313" status="PASS">
          <reporter-output>
          </reporter-output>
        </test-method> <!-- teardown -->
      </class> <!-- com.inetbanking.testCases.TC_LoginTest_001 -->
    </test> <!-- Banking App Test -->
  </suite> <!-- inetBankingV1 -->
</testng-results>
